Copyright 1986-2020 Xilinx, Inc. All Rights Reserved.
------------------------------------------------------------------------------------------
| Tool Version : Vivado v.2020.2 (win64) Build 3064766 Wed Nov 18 09:12:45 MST 2020
| Date         : Fri Mar  7 16:39:05 2025
| Host         : DESKTOP-7CFQ9ND running 64-bit major release  (build 9200)
| Command      : report_control_sets -verbose -file Top_Upcounter_control_sets_placed.rpt
| Design       : Top_Upcounter
| Device       : xc7a35t
------------------------------------------------------------------------------------------

Control Set Information

Table of Contents
-----------------
1. Summary
2. Histogram
3. Flip-Flop Distribution
4. Detailed Control Set Information

1. Summary
----------

+----------------------------------------------------------+-------+
|                          Status                          | Count |
+----------------------------------------------------------+-------+
| Total control sets                                       |     7 |
|    Minimum number of control sets                        |     7 |
|    Addition due to synthesis replication                 |     0 |
|    Addition due to physical synthesis replication        |     0 |
| Unused register locations in slices containing registers |    18 |
+----------------------------------------------------------+-------+
* Control sets can be merged at opt_design using control_set_merge or merge_equivalent_drivers
** Run report_qor_suggestions for automated merging and remapping suggestions


2. Histogram
------------

+--------------------+-------+
|       Fanout       | Count |
+--------------------+-------+
| Total control sets |     7 |
| >= 0 to < 4        |     2 |
| >= 4 to < 6        |     0 |
| >= 6 to < 8        |     1 |
| >= 8 to < 10       |     2 |
| >= 10 to < 12      |     0 |
| >= 12 to < 14      |     0 |
| >= 14 to < 16      |     1 |
| >= 16              |     1 |
+--------------------+-------+
* Control sets can be remapped at either synth_design or opt_design


3. Flip-Flop Distribution
-------------------------

+--------------+-----------------------+------------------------+-----------------+--------------+
| Clock Enable | Synchronous Set/Reset | Asynchronous Set/Reset | Total Registers | Total Slices |
+--------------+-----------------------+------------------------+-----------------+--------------+
| No           | No                    | No                     |               1 |            1 |
| No           | No                    | Yes                    |              96 |           37 |
| No           | Yes                   | No                     |               0 |            0 |
| Yes          | No                    | No                     |               0 |            0 |
| Yes          | No                    | Yes                    |              21 |            8 |
| Yes          | Yes                   | No                     |               0 |            0 |
+--------------+-----------------------+------------------------+-----------------+--------------+


4. Detailed Control Set Information
-----------------------------------

+------------------------------------------+-------------------+------------------+------------------+----------------+--------------+
|               Clock Signal               |   Enable Signal   | Set/Reset Signal | Slice Load Count | Bel Load Count | Bels / Slice |
+------------------------------------------+-------------------+------------------+------------------+----------------+--------------+
|  U_Tick_100hz/state_reg_0                |                   |                  |                1 |              1 |         1.00 |
|  U_fnd_cntl/U_Clk_Divider/CLK            |                   | reset_IBUF       |                1 |              2 |         2.00 |
|  U_Counter_Tick100/CLK                   | U_Tick_100hz/E[0] | reset_IBUF       |                3 |              7 |         2.33 |
|  U_Debounce_ClearBtn/U_1khz/r_1khz_reg_0 |                   | reset_IBUF       |                3 |              8 |         2.67 |
|  U_Debounce_RunStopBtn/U_1khz/CLK        |                   | reset_IBUF       |                3 |              8 |         2.67 |
|  U_Tick_100hz/u_clk_reg_0                | U_Tick_100hz/E[0] | reset_IBUF       |                5 |             14 |         2.80 |
|  clk_IBUF_BUFG                           |                   | reset_IBUF       |               30 |             78 |         2.60 |
+------------------------------------------+-------------------+------------------+------------------+----------------+--------------+


