Copyright 1986-2020 Xilinx, Inc. All Rights Reserved.
------------------------------------------------------------------------------------------------------------------------------
| Tool Version : Vivado v.2020.2 (win64) Build 3064766 Wed Nov 18 09:12:45 MST 2020
| Date         : Fri Mar  7 16:39:03 2025
| Host         : DESKTOP-7CFQ9ND running 64-bit major release  (build 9200)
| Command      : report_drc -file Top_Upcounter_drc_opted.rpt -pb Top_Upcounter_drc_opted.pb -rpx Top_Upcounter_drc_opted.rpx
| Design       : Top_Upcounter
| Device       : xc7a35tcpg236-1
| Speed File   : -1
| Design State : Synthesized
------------------------------------------------------------------------------------------------------------------------------

Report DRC

Table of Contents
-----------------
1. REPORT SUMMARY
2. REPORT DETAILS

1. REPORT SUMMARY
-----------------
            Netlist: netlist
          Floorplan: design_1
      Design limits: <entire design considered>
           Ruledeck: default
             Max violations: <unlimited>
             Violations found: 1
+-------------+----------+-------------------------------------------------------------+------------+
| Rule        | Severity | Description                                                 | Violations |
+-------------+----------+-------------------------------------------------------------+------------+
| PLHOLDVIO-2 | Warning  | Non-Optimal connections which could lead to hold violations | 1          |
+-------------+----------+-------------------------------------------------------------+------------+

2. REPORT DETAILS
-----------------
PLHOLDVIO-2#1 Warning
Non-Optimal connections which could lead to hold violations  
A LUT U_Tick_100hz/counter_reg[13]_i_3 is driving clock pin of 14 cells. This could lead to large hold time violations. Involved cells are:
U_Counter_Tick100/counter_reg_reg[0],
U_Counter_Tick100/counter_reg_reg[10],
U_Counter_Tick100/counter_reg_reg[11],
U_Counter_Tick100/counter_reg_reg[12],
U_Counter_Tick100/counter_reg_reg[13],
U_Counter_Tick100/counter_reg_reg[1], U_Counter_Tick100/counter_reg_reg[2],
U_Counter_Tick100/counter_reg_reg[3], U_Counter_Tick100/counter_reg_reg[4],
U_Counter_Tick100/counter_reg_reg[5], U_Counter_Tick100/counter_reg_reg[6],
U_Counter_Tick100/counter_reg_reg[7], U_Counter_Tick100/counter_reg_reg[8]
U_Counter_Tick100/counter_reg_reg[9]
Related violations: <none>


